2022-05-04 16:32:14,303 INFO notifyConnectTimeout:200

2022-05-04 16:32:14,328 INFO notifySocketTimeout:8000

2022-05-04 16:32:14,330 INFO isHealthCheck:true

2022-05-04 16:32:14,330 INFO maxHealthCheckFailCount:12

2022-05-04 16:32:14,330 INFO maxContent:10485760

2022-05-04 16:48:06,362 INFO notifyConnectTimeout:200

2022-05-04 16:48:06,381 INFO notifySocketTimeout:8000

2022-05-04 16:48:06,383 INFO isHealthCheck:true

2022-05-04 16:48:06,384 INFO maxHealthCheckFailCount:12

2022-05-04 16:48:06,384 INFO maxContent:10485760

2022-05-04 16:48:19,341 INFO use local db service for init

2022-05-04 16:48:20,914 WARN Lexical error at line 4, column 66.  Encountered: <EOF> after : "".

2022-05-04 16:48:20,959 WARN Syntax error: Encountered "*" at line 1, column 1.

2022-05-04 16:48:21,064 WARN Table/View 'CONFIG_INFO' already exists in Schema 'NACOS'.

2022-05-04 16:48:21,202 WARN Table/View 'HIS_CONFIG_INFO' already exists in Schema 'NACOS'.

2022-05-04 16:48:21,251 WARN Table/View 'CONFIG_INFO_BETA' already exists in Schema 'NACOS'.

2022-05-04 16:48:21,263 WARN Table/View 'CONFIG_INFO_TAG' already exists in Schema 'NACOS'.

2022-05-04 16:48:21,280 WARN Table/View 'CONFIG_INFO_AGGR' already exists in Schema 'NACOS'.

2022-05-04 16:48:21,296 WARN Table/View 'APP_LIST' already exists in Schema 'NACOS'.

2022-05-04 16:48:21,307 WARN Table/View 'APP_CONFIGDATA_RELATION_SUBS' already exists in Schema 'NACOS'.

2022-05-04 16:48:21,316 WARN Table/View 'APP_CONFIGDATA_RELATION_PUBS' already exists in Schema 'NACOS'.

2022-05-04 16:48:21,325 WARN Table/View 'CONFIG_TAGS_RELATION' already exists in Schema 'NACOS'.

2022-05-04 16:48:21,349 WARN Table/View 'GROUP_CAPACITY' already exists in Schema 'NACOS'.

2022-05-04 16:48:21,361 WARN Table/View 'TENANT_CAPACITY' already exists in Schema 'NACOS'.

2022-05-04 16:48:21,375 WARN Table/View 'TENANT_INFO' already exists in Schema 'NACOS'.

2022-05-04 16:48:21,416 WARN Table/View 'USERS' already exists in Schema 'NACOS'.

2022-05-04 16:48:21,433 WARN Table/View 'ROLES' already exists in Schema 'NACOS'.

2022-05-04 16:48:21,455 WARN Table/View 'PERMISSIONS' already exists in Schema 'NACOS'.

2022-05-04 16:48:21,663 WARN The statement was aborted because it would have caused a duplicate key value in a unique or primary key constraint or unique index identified by 'SQL220502150936730' defined on 'USERS'.

2022-05-04 16:48:21,681 WARN The statement was aborted because it would have caused a duplicate key value in a unique or primary key constraint or unique index identified by 'UK_USERNAME_ROLE' defined on 'ROLES'.

2022-05-04 16:48:21,685 WARN Lexical error at line 4, column 13.  Encountered: "`" (96), after : "".

2022-05-04 16:48:21,687 WARN Lexical error at line 1, column 13.  Encountered: "`" (96), after : "".

2022-05-04 16:48:21,687 WARN Lexical error at line 1, column 13.  Encountered: "`" (96), after : "".

2022-05-04 16:48:21,688 WARN Lexical error at line 1, column 13.  Encountered: "`" (96), after : "".

2022-05-04 16:48:21,688 INFO use StandaloneDatabaseOperateImpl

2022-05-04 16:48:25,340 WARN DumpService start

2022-05-04 16:48:25,345 INFO start clear all config-info.

2022-05-04 16:48:25,346 WARN clear all config-info failed.

2022-05-04 16:48:25,346 WARN clear all config-info-tenant failed.

2022-05-04 16:48:25,507 INFO start clear all config-info-beta.

2022-05-04 16:48:25,507 WARN clear all config-info-beta failed.

2022-05-04 16:48:25,507 WARN clear all config-info-beta-tenant failed.

2022-05-04 16:48:25,541 INFO start clear all config-info-tag.

2022-05-04 16:48:25,541 WARN clear all config-info-tag failed.

2022-05-04 16:48:25,542 WARN clear all config-info-tag-tenant failed.

