[2022-05-04T16:48:02.133+0800][gc,heap] Heap region size: 1M
[2022-05-04T16:48:02.137+0800][gc     ] Using G1
[2022-05-04T16:48:02.137+0800][gc,heap,coops] Heap address: 0x00000007e0000000, size: 512 MB, Compressed Oops mode: Zero based, Oop shift amount: 3
[2022-05-04T16:48:04.798+0800][gc,start     ] GC(0) Pause Young (Concurrent Start) (Metadata GC Threshold)
[2022-05-04T16:48:04.799+0800][gc,task      ] GC(0) Using 8 workers of 8 for evacuation
[2022-05-04T16:48:04.816+0800][gc,phases    ] GC(0)   Pre Evacuate Collection Set: 0.0ms
[2022-05-04T16:48:04.816+0800][gc,phases    ] GC(0)   Evacuate Collection Set: 15.5ms
[2022-05-04T16:48:04.816+0800][gc,phases    ] GC(0)   Post Evacuate Collection Set: 1.0ms
[2022-05-04T16:48:04.816+0800][gc,phases    ] GC(0)   Other: 0.8ms
[2022-05-04T16:48:04.816+0800][gc,heap      ] GC(0) Eden regions: 151->0(250)
[2022-05-04T16:48:04.816+0800][gc,heap      ] GC(0) Survivor regions: 0->6(32)
[2022-05-04T16:48:04.816+0800][gc,heap      ] GC(0) Old regions: 0->0
[2022-05-04T16:48:04.816+0800][gc,heap      ] GC(0) Humongous regions: 0->0
[2022-05-04T16:48:04.816+0800][gc,metaspace ] GC(0) Metaspace: 20669K->20669K(1069056K)
[2022-05-04T16:48:04.816+0800][gc           ] GC(0) Pause Young (Concurrent Start) (Metadata GC Threshold) 151M->5M(512M) 17.439ms
[2022-05-04T16:48:04.816+0800][gc,cpu       ] GC(0) User=0.04s Sys=0.02s Real=0.02s
[2022-05-04T16:48:04.817+0800][gc           ] GC(1) Concurrent Cycle
[2022-05-04T16:48:04.817+0800][gc,marking   ] GC(1) Concurrent Clear Claimed Marks
[2022-05-04T16:48:04.817+0800][gc,marking   ] GC(1) Concurrent Clear Claimed Marks 0.091ms
[2022-05-04T16:48:04.817+0800][gc,marking   ] GC(1) Concurrent Scan Root Regions
[2022-05-04T16:48:04.820+0800][gc,marking   ] GC(1) Concurrent Scan Root Regions 2.536ms
[2022-05-04T16:48:04.820+0800][gc,marking   ] GC(1) Concurrent Mark (2.698s)
[2022-05-04T16:48:04.820+0800][gc,marking   ] GC(1) Concurrent Mark From Roots
[2022-05-04T16:48:04.820+0800][gc,task      ] GC(1) Using 2 workers of 2 for marking
[2022-05-04T16:48:04.825+0800][gc,marking   ] GC(1) Concurrent Mark From Roots 4.891ms
[2022-05-04T16:48:04.825+0800][gc,marking   ] GC(1) Concurrent Preclean
[2022-05-04T16:48:04.825+0800][gc,marking   ] GC(1) Concurrent Preclean 0.026ms
[2022-05-04T16:48:04.825+0800][gc,marking   ] GC(1) Concurrent Mark (2.698s, 2.703s) 4.956ms
[2022-05-04T16:48:04.825+0800][gc,start     ] GC(1) Pause Remark
[2022-05-04T16:48:04.830+0800][gc,stringtable] GC(1) Cleaned string and symbol table, strings: 7512 processed, 0 removed, symbols: 65208 processed, 70 removed
[2022-05-04T16:48:04.830+0800][gc            ] GC(1) Pause Remark 6M->6M(512M) 4.512ms
[2022-05-04T16:48:04.830+0800][gc,cpu        ] GC(1) User=0.00s Sys=0.00s Real=0.01s
[2022-05-04T16:48:04.830+0800][gc,marking    ] GC(1) Concurrent Rebuild Remembered Sets
[2022-05-04T16:48:04.830+0800][gc,marking    ] GC(1) Concurrent Rebuild Remembered Sets 0.044ms
[2022-05-04T16:48:04.831+0800][gc,start      ] GC(1) Pause Cleanup
[2022-05-04T16:48:04.831+0800][gc            ] GC(1) Pause Cleanup 6M->6M(512M) 0.064ms
[2022-05-04T16:48:04.831+0800][gc,cpu        ] GC(1) User=0.00s Sys=0.00s Real=0.00s
[2022-05-04T16:48:04.831+0800][gc,marking    ] GC(1) Concurrent Cleanup for Next Mark
[2022-05-04T16:48:04.833+0800][gc,marking    ] GC(1) Concurrent Cleanup for Next Mark 1.756ms
[2022-05-04T16:48:04.833+0800][gc            ] GC(1) Concurrent Cycle 16.300ms
[2022-05-04T16:48:06.686+0800][gc,start      ] GC(2) Pause Young (Normal) (G1 Evacuation Pause)
[2022-05-04T16:48:06.686+0800][gc,task       ] GC(2) Using 8 workers of 8 for evacuation
[2022-05-04T16:48:06.712+0800][gc,phases     ] GC(2)   Pre Evacuate Collection Set: 0.0ms
[2022-05-04T16:48:06.712+0800][gc,phases     ] GC(2)   Evacuate Collection Set: 23.8ms
[2022-05-04T16:48:06.712+0800][gc,phases     ] GC(2)   Post Evacuate Collection Set: 2.1ms
[2022-05-04T16:48:06.712+0800][gc,phases     ] GC(2)   Other: 0.2ms
[2022-05-04T16:48:06.712+0800][gc,heap       ] GC(2) Eden regions: 250->0(246)
[2022-05-04T16:48:06.712+0800][gc,heap       ] GC(2) Survivor regions: 6->10(32)
[2022-05-04T16:48:06.712+0800][gc,heap       ] GC(2) Old regions: 0->0
[2022-05-04T16:48:06.712+0800][gc,heap       ] GC(2) Humongous regions: 0->0
[2022-05-04T16:48:06.712+0800][gc,metaspace  ] GC(2) Metaspace: 29897K->29897K(1077248K)
[2022-05-04T16:48:06.712+0800][gc            ] GC(2) Pause Young (Normal) (G1 Evacuation Pause) 255M->9M(512M) 26.194ms
[2022-05-04T16:48:06.712+0800][gc,cpu        ] GC(2) User=0.09s Sys=0.03s Real=0.03s
[2022-05-04T16:48:10.171+0800][gc,start      ] GC(3) Pause Young (Normal) (G1 Evacuation Pause)
[2022-05-04T16:48:10.171+0800][gc,task       ] GC(3) Using 8 workers of 8 for evacuation
[2022-05-04T16:48:10.192+0800][gc,phases     ] GC(3)   Pre Evacuate Collection Set: 0.0ms
[2022-05-04T16:48:10.192+0800][gc,phases     ] GC(3)   Evacuate Collection Set: 20.1ms
[2022-05-04T16:48:10.192+0800][gc,phases     ] GC(3)   Post Evacuate Collection Set: 0.7ms
[2022-05-04T16:48:10.192+0800][gc,phases     ] GC(3)   Other: 0.1ms
[2022-05-04T16:48:10.192+0800][gc,heap       ] GC(3) Eden regions: 246->0(243)
[2022-05-04T16:48:10.192+0800][gc,heap       ] GC(3) Survivor regions: 10->13(32)
[2022-05-04T16:48:10.192+0800][gc,heap       ] GC(3) Old regions: 0->0
[2022-05-04T16:48:10.192+0800][gc,heap       ] GC(3) Humongous regions: 0->0
[2022-05-04T16:48:10.192+0800][gc,metaspace  ] GC(3) Metaspace: 33572K->33572K(1079296K)
[2022-05-04T16:48:10.192+0800][gc            ] GC(3) Pause Young (Normal) (G1 Evacuation Pause) 255M->13M(512M) 21.022ms
[2022-05-04T16:48:10.192+0800][gc,cpu        ] GC(3) User=0.06s Sys=0.04s Real=0.02s
[2022-05-04T16:48:12.701+0800][gc,start      ] GC(4) Pause Young (Concurrent Start) (Metadata GC Threshold)
[2022-05-04T16:48:12.701+0800][gc,task       ] GC(4) Using 8 workers of 8 for evacuation
[2022-05-04T16:48:12.736+0800][gc,phases     ] GC(4)   Pre Evacuate Collection Set: 0.2ms
[2022-05-04T16:48:12.736+0800][gc,phases     ] GC(4)   Evacuate Collection Set: 32.1ms
[2022-05-04T16:48:12.736+0800][gc,phases     ] GC(4)   Post Evacuate Collection Set: 0.8ms
[2022-05-04T16:48:12.736+0800][gc,phases     ] GC(4)   Other: 2.2ms
[2022-05-04T16:48:12.736+0800][gc,heap       ] GC(4) Eden regions: 142->0(240)
[2022-05-04T16:48:12.736+0800][gc,heap       ] GC(4) Survivor regions: 13->16(32)
[2022-05-04T16:48:12.736+0800][gc,heap       ] GC(4) Old regions: 0->0
[2022-05-04T16:48:12.736+0800][gc,heap       ] GC(4) Humongous regions: 0->0
[2022-05-04T16:48:12.736+0800][gc,metaspace  ] GC(4) Metaspace: 34967K->34967K(1081344K)
[2022-05-04T16:48:12.736+0800][gc            ] GC(4) Pause Young (Concurrent Start) (Metadata GC Threshold) 155M->15M(512M) 35.348ms
[2022-05-04T16:48:12.736+0800][gc,cpu        ] GC(4) User=0.07s Sys=0.03s Real=0.03s
[2022-05-04T16:48:12.736+0800][gc            ] GC(5) Concurrent Cycle
[2022-05-04T16:48:12.736+0800][gc,marking    ] GC(5) Concurrent Clear Claimed Marks
[2022-05-04T16:48:12.736+0800][gc,marking    ] GC(5) Concurrent Clear Claimed Marks 0.085ms
[2022-05-04T16:48:12.736+0800][gc,marking    ] GC(5) Concurrent Scan Root Regions
[2022-05-04T16:48:12.741+0800][gc,marking    ] GC(5) Concurrent Scan Root Regions 4.161ms
[2022-05-04T16:48:12.741+0800][gc,marking    ] GC(5) Concurrent Mark (10.619s)
[2022-05-04T16:48:12.741+0800][gc,marking    ] GC(5) Concurrent Mark From Roots
[2022-05-04T16:48:12.741+0800][gc,task       ] GC(5) Using 2 workers of 2 for marking
[2022-05-04T16:48:12.741+0800][gc,marking    ] GC(5) Concurrent Mark From Roots 0.266ms
[2022-05-04T16:48:12.741+0800][gc,marking    ] GC(5) Concurrent Preclean
[2022-05-04T16:48:12.741+0800][gc,marking    ] GC(5) Concurrent Preclean 0.026ms
[2022-05-04T16:48:12.741+0800][gc,marking    ] GC(5) Concurrent Mark (10.619s, 10.619s) 0.340ms
[2022-05-04T16:48:12.741+0800][gc,start      ] GC(5) Pause Remark
[2022-05-04T16:48:12.746+0800][gc,stringtable] GC(5) Cleaned string and symbol table, strings: 15399 processed, 0 removed, symbols: 109770 processed, 321 removed
[2022-05-04T16:48:12.747+0800][gc            ] GC(5) Pause Remark 16M->16M(512M) 5.176ms
[2022-05-04T16:48:12.747+0800][gc,cpu        ] GC(5) User=0.01s Sys=0.01s Real=0.00s
[2022-05-04T16:48:12.747+0800][gc,marking    ] GC(5) Concurrent Rebuild Remembered Sets
[2022-05-04T16:48:12.747+0800][gc,marking    ] GC(5) Concurrent Rebuild Remembered Sets 0.164ms
[2022-05-04T16:48:12.747+0800][gc,start      ] GC(5) Pause Cleanup
[2022-05-04T16:48:12.747+0800][gc            ] GC(5) Pause Cleanup 16M->16M(512M) 0.063ms
[2022-05-04T16:48:12.747+0800][gc,cpu        ] GC(5) User=0.00s Sys=0.00s Real=0.00s
[2022-05-04T16:48:12.747+0800][gc,marking    ] GC(5) Concurrent Cleanup for Next Mark
[2022-05-04T16:48:12.749+0800][gc,marking    ] GC(5) Concurrent Cleanup for Next Mark 1.925ms
[2022-05-04T16:48:12.749+0800][gc            ] GC(5) Concurrent Cycle 13.005ms
[2022-05-04T16:48:17.785+0800][gc,start      ] GC(6) Pause Young (Normal) (G1 Evacuation Pause)
[2022-05-04T16:48:17.786+0800][gc,task       ] GC(6) Using 8 workers of 8 for evacuation
[2022-05-04T16:48:17.820+0800][gc,phases     ] GC(6)   Pre Evacuate Collection Set: 0.1ms
[2022-05-04T16:48:17.820+0800][gc,phases     ] GC(6)   Evacuate Collection Set: 33.4ms
[2022-05-04T16:48:17.820+0800][gc,phases     ] GC(6)   Post Evacuate Collection Set: 1.2ms
[2022-05-04T16:48:17.820+0800][gc,phases     ] GC(6)   Other: 0.4ms
[2022-05-04T16:48:17.820+0800][gc,heap       ] GC(6) Eden regions: 240->0(235)
[2022-05-04T16:48:17.820+0800][gc,heap       ] GC(6) Survivor regions: 16->21(32)
[2022-05-04T16:48:17.821+0800][gc,heap       ] GC(6) Old regions: 0->0
[2022-05-04T16:48:17.821+0800][gc,heap       ] GC(6) Humongous regions: 0->0
[2022-05-04T16:48:17.821+0800][gc,metaspace  ] GC(6) Metaspace: 45067K->45067K(1089536K)
[2022-05-04T16:48:17.821+0800][gc            ] GC(6) Pause Young (Normal) (G1 Evacuation Pause) 255M->21M(512M) 35.264ms
[2022-05-04T16:48:17.821+0800][gc,cpu        ] GC(6) User=0.11s Sys=0.06s Real=0.04s
[2022-05-04T16:48:22.310+0800][gc,start      ] GC(7) Pause Young (Concurrent Start) (Metadata GC Threshold)
[2022-05-04T16:48:22.310+0800][gc,task       ] GC(7) Using 8 workers of 8 for evacuation
[2022-05-04T16:48:22.355+0800][gc,phases     ] GC(7)   Pre Evacuate Collection Set: 0.1ms
[2022-05-04T16:48:22.355+0800][gc,phases     ] GC(7)   Evacuate Collection Set: 42.6ms
[2022-05-04T16:48:22.355+0800][gc,phases     ] GC(7)   Post Evacuate Collection Set: 1.6ms
[2022-05-04T16:48:22.355+0800][gc,phases     ] GC(7)   Other: 0.2ms
[2022-05-04T16:48:22.355+0800][gc,heap       ] GC(7) Eden regions: 218->0(233)
[2022-05-04T16:48:22.355+0800][gc,heap       ] GC(7) Survivor regions: 21->23(32)
[2022-05-04T16:48:22.355+0800][gc,heap       ] GC(7) Old regions: 0->6
[2022-05-04T16:48:22.355+0800][gc,heap       ] GC(7) Humongous regions: 0->0
[2022-05-04T16:48:22.355+0800][gc,metaspace  ] GC(7) Metaspace: 58764K->58764K(1101824K)
[2022-05-04T16:48:22.355+0800][gc            ] GC(7) Pause Young (Concurrent Start) (Metadata GC Threshold) 239M->27M(512M) 44.591ms
[2022-05-04T16:48:22.355+0800][gc,cpu        ] GC(7) User=0.17s Sys=0.05s Real=0.04s
[2022-05-04T16:48:22.355+0800][gc            ] GC(8) Concurrent Cycle
[2022-05-04T16:48:22.355+0800][gc,marking    ] GC(8) Concurrent Clear Claimed Marks
[2022-05-04T16:48:22.355+0800][gc,marking    ] GC(8) Concurrent Clear Claimed Marks 0.119ms
[2022-05-04T16:48:22.355+0800][gc,marking    ] GC(8) Concurrent Scan Root Regions
[2022-05-04T16:48:22.361+0800][gc,marking    ] GC(8) Concurrent Scan Root Regions 6.005ms
[2022-05-04T16:48:22.361+0800][gc,marking    ] GC(8) Concurrent Mark (20.240s)
[2022-05-04T16:48:22.361+0800][gc,marking    ] GC(8) Concurrent Mark From Roots
[2022-05-04T16:48:22.361+0800][gc,task       ] GC(8) Using 2 workers of 2 for marking
[2022-05-04T16:48:22.364+0800][gc,marking    ] GC(8) Concurrent Mark From Roots 2.973ms
[2022-05-04T16:48:22.364+0800][gc,marking    ] GC(8) Concurrent Preclean
[2022-05-04T16:48:22.364+0800][gc,marking    ] GC(8) Concurrent Preclean 0.043ms
[2022-05-04T16:48:22.364+0800][gc,marking    ] GC(8) Concurrent Mark (20.240s, 20.243s) 3.082ms
[2022-05-04T16:48:22.365+0800][gc,start      ] GC(8) Pause Remark
[2022-05-04T16:48:22.373+0800][gc,stringtable] GC(8) Cleaned string and symbol table, strings: 29757 processed, 0 removed, symbols: 171994 processed, 337 removed
[2022-05-04T16:48:22.373+0800][gc            ] GC(8) Pause Remark 28M->28M(512M) 7.761ms
[2022-05-04T16:48:22.373+0800][gc,cpu        ] GC(8) User=0.03s Sys=0.01s Real=0.01s
[2022-05-04T16:48:22.373+0800][gc,marking    ] GC(8) Concurrent Rebuild Remembered Sets
[2022-05-04T16:48:22.375+0800][gc,marking    ] GC(8) Concurrent Rebuild Remembered Sets 2.394ms
[2022-05-04T16:48:22.376+0800][gc,start      ] GC(8) Pause Cleanup
[2022-05-04T16:48:22.376+0800][gc            ] GC(8) Pause Cleanup 28M->28M(512M) 0.060ms
[2022-05-04T16:48:22.376+0800][gc,cpu        ] GC(8) User=0.00s Sys=0.00s Real=0.00s
[2022-05-04T16:48:22.376+0800][gc,marking    ] GC(8) Concurrent Cleanup for Next Mark
[2022-05-04T16:48:22.379+0800][gc,marking    ] GC(8) Concurrent Cleanup for Next Mark 3.728ms
[2022-05-04T16:48:22.380+0800][gc            ] GC(8) Concurrent Cycle 24.627ms
[2022-05-04T16:48:27.167+0800][gc,start      ] GC(9) Pause Young (Normal) (G1 Evacuation Pause)
[2022-05-04T16:48:27.167+0800][gc,task       ] GC(9) Using 8 workers of 8 for evacuation
[2022-05-04T16:48:27.196+0800][gc,phases     ] GC(9)   Pre Evacuate Collection Set: 0.0ms
[2022-05-04T16:48:27.196+0800][gc,phases     ] GC(9)   Evacuate Collection Set: 27.4ms
[2022-05-04T16:48:27.196+0800][gc,phases     ] GC(9)   Post Evacuate Collection Set: 1.1ms
[2022-05-04T16:48:27.196+0800][gc,phases     ] GC(9)   Other: 0.4ms
[2022-05-04T16:48:27.196+0800][gc,heap       ] GC(9) Eden regions: 233->0(232)
[2022-05-04T16:48:27.196+0800][gc,heap       ] GC(9) Survivor regions: 23->24(32)
[2022-05-04T16:48:27.196+0800][gc,heap       ] GC(9) Old regions: 6->12
[2022-05-04T16:48:27.196+0800][gc,heap       ] GC(9) Humongous regions: 5->5
[2022-05-04T16:48:27.196+0800][gc,metaspace  ] GC(9) Metaspace: 69475K->69475K(1112064K)
[2022-05-04T16:48:27.196+0800][gc            ] GC(9) Pause Young (Normal) (G1 Evacuation Pause) 265M->40M(512M) 29.080ms
[2022-05-04T16:48:27.196+0800][gc,cpu        ] GC(9) User=0.13s Sys=0.03s Real=0.03s
[2022-05-04T16:51:30.658+0800][gc,start      ] GC(10) Pause Young (Normal) (G1 Evacuation Pause)
[2022-05-04T16:51:30.658+0800][gc,task       ] GC(10) Using 8 workers of 8 for evacuation
[2022-05-04T16:51:30.713+0800][gc,phases     ] GC(10)   Pre Evacuate Collection Set: 0.1ms
[2022-05-04T16:51:30.713+0800][gc,phases     ] GC(10)   Evacuate Collection Set: 52.6ms
[2022-05-04T16:51:30.713+0800][gc,phases     ] GC(10)   Post Evacuate Collection Set: 1.3ms
[2022-05-04T16:51:30.713+0800][gc,phases     ] GC(10)   Other: 0.6ms
[2022-05-04T16:51:30.713+0800][gc,heap       ] GC(10) Eden regions: 232->0(235)
[2022-05-04T16:51:30.713+0800][gc,heap       ] GC(10) Survivor regions: 24->21(32)
[2022-05-04T16:51:30.713+0800][gc,heap       ] GC(10) Old regions: 12->19
[2022-05-04T16:51:30.713+0800][gc,heap       ] GC(10) Humongous regions: 20->20
[2022-05-04T16:51:30.713+0800][gc,metaspace  ] GC(10) Metaspace: 78399K->78399K(1120256K)
[2022-05-04T16:51:30.713+0800][gc            ] GC(10) Pause Young (Normal) (G1 Evacuation Pause) 287M->58M(512M) 54.733ms
[2022-05-04T16:51:30.713+0800][gc,cpu        ] GC(10) User=0.08s Sys=0.10s Real=0.06s
[2022-05-04T17:47:22.765+0800][gc,start      ] GC(11) Pause Young (Normal) (G1 Evacuation Pause)
[2022-05-04T17:47:22.767+0800][gc,task       ] GC(11) Using 8 workers of 8 for evacuation
[2022-05-04T17:47:22.862+0800][gc,phases     ] GC(11)   Pre Evacuate Collection Set: 0.3ms
[2022-05-04T17:47:22.862+0800][gc,phases     ] GC(11)   Evacuate Collection Set: 91.3ms
[2022-05-04T17:47:22.862+0800][gc,phases     ] GC(11)   Post Evacuate Collection Set: 2.7ms
[2022-05-04T17:47:22.862+0800][gc,phases     ] GC(11)   Other: 2.1ms
[2022-05-04T17:47:22.862+0800][gc,heap       ] GC(11) Eden regions: 235->0(242)
[2022-05-04T17:47:22.862+0800][gc,heap       ] GC(11) Survivor regions: 21->14(32)
[2022-05-04T17:47:22.862+0800][gc,heap       ] GC(11) Old regions: 19->25
[2022-05-04T17:47:22.862+0800][gc,heap       ] GC(11) Humongous regions: 20->20
[2022-05-04T17:47:22.862+0800][gc,metaspace  ] GC(11) Metaspace: 81305K->81305K(1122304K)
[2022-05-04T17:47:22.862+0800][gc            ] GC(11) Pause Young (Normal) (G1 Evacuation Pause) 293M->58M(512M) 96.561ms
[2022-05-04T17:47:22.862+0800][gc,cpu        ] GC(11) User=0.16s Sys=0.16s Real=0.10s
[2022-05-04T18:07:40.385+0800][gc,heap,exit  ] Heap
[2022-05-04T18:07:40.385+0800][gc,heap,exit  ]  garbage-first heap   total 524288K, used 303860K [0x00000007e0000000, 0x0000000800000000)
[2022-05-04T18:07:40.385+0800][gc,heap,exit  ]   region size 1024K, 253 young (259072K), 14 survivors (14336K)
[2022-05-04T18:07:40.385+0800][gc,heap,exit  ]  Metaspace       used 81539K, capacity 84062K, committed 84308K, reserved 1124352K
[2022-05-04T18:07:40.385+0800][gc,heap,exit  ]   class space    used 9269K, capacity 10556K, committed 10624K, reserved 1048576K
