2022-05-04 00:01:09,915 INFO PERFORMANCE:|1|1|-1|-1

2022-05-04 00:06:09,927 INFO PERFORMANCE:|1|1|-1|-1

2022-05-04 00:11:09,935 INFO PERFORMANCE:|1|1|-1|-1

2022-05-04 00:16:09,944 INFO PERFORMANCE:|1|1|-1|-1

2022-05-04 00:21:09,953 INFO PERFORMANCE:|1|1|-1|-1

2022-05-04 00:28:50,460 INFO PERFORMANCE:|1|1|-1|-1

2022-05-04 00:33:50,463 INFO PERFORMANCE:|1|1|-1|-1

2022-05-04 00:38:50,462 INFO PERFORMANCE:|1|1|-1|-1

2022-05-04 00:43:50,445 INFO PERFORMANCE:|1|1|-1|-1

2022-05-04 00:48:50,426 INFO PERFORMANCE:|1|1|-1|-1

2022-05-04 00:53:50,424 INFO PERFORMANCE:|1|1|-1|-1

2022-05-04 00:58:50,436 INFO PERFORMANCE:|1|1|-1|-1

2022-05-04 01:05:48,386 INFO PERFORMANCE:|1|1|-1|-1

2022-05-04 01:10:48,389 INFO PERFORMANCE:|1|1|-1|-1

2022-05-04 01:15:48,393 INFO PERFORMANCE:|3|5|-1|-1

2022-05-04 01:20:48,393 INFO PERFORMANCE:|3|5|-1|-1

2022-05-04 01:25:48,333 INFO PERFORMANCE:|3|5|-1|-1

2022-05-04 01:30:48,330 INFO PERFORMANCE:|3|5|-1|-1

2022-05-04 01:46:08,533 INFO PERFORMANCE:|3|5|-1|-1

2022-05-04 02:04:06,345 INFO PERFORMANCE:|3|5|-1|-1

2022-05-04 02:18:11,655 INFO PERFORMANCE:|3|5|-1|-1

2022-05-04 02:52:15,738 INFO PERFORMANCE:|3|5|-1|-1

2022-05-04 03:38:06,942 INFO PERFORMANCE:|3|5|7|7

2022-05-04 03:59:13,454 INFO PERFORMANCE:|3|5|-1|-1

2022-05-04 04:59:24,355 INFO PERFORMANCE:|3|5|4|4

2022-05-04 06:58:24,691 INFO PERFORMANCE:|3|5|14|8

2022-05-04 09:10:20,544 INFO PERFORMANCE:|3|5|-1|-1

2022-05-04 11:04:38,379 INFO PERFORMANCE:|3|5|-1|-1

2022-05-04 11:19:32,892 INFO PERFORMANCE:|3|5|-1|-1

2022-05-04 11:24:32,897 INFO PERFORMANCE:|3|5|-1|-1

2022-05-04 11:29:32,904 INFO PERFORMANCE:|3|5|-1|-1

2022-05-04 11:34:32,904 INFO PERFORMANCE:|3|5|-1|-1

2022-05-04 11:39:32,906 INFO PERFORMANCE:|3|5|-1|-1

2022-05-04 11:44:32,910 INFO PERFORMANCE:|3|5|-1|-1

2022-05-04 11:49:32,968 INFO PERFORMANCE:|3|5|-1|-1

2022-05-04 11:54:32,976 INFO PERFORMANCE:|3|5|-1|-1

2022-05-04 11:59:32,984 INFO PERFORMANCE:|3|1|-1|-1

2022-05-04 12:04:32,991 INFO PERFORMANCE:|1|1|-1|-1

2022-05-04 12:09:32,996 INFO PERFORMANCE:|1|1|-1|-1

2022-05-04 12:56:11,551 INFO PERFORMANCE:|1|1|-1|-1

2022-05-04 14:21:26,619 INFO PERFORMANCE:|1|1|-1|-1

2022-05-04 15:36:48,292 INFO PERFORMANCE:|1|1|-1|-1

2022-05-04 15:41:48,294 INFO PERFORMANCE:|1|1|-1|-1

2022-05-04 15:46:48,301 INFO PERFORMANCE:|1|1|-1|-1

2022-05-04 15:51:48,304 INFO PERFORMANCE:|1|1|-1|-1

2022-05-04 15:56:48,304 INFO PERFORMANCE:|1|1|-1|-1

2022-05-04 16:06:34,954 INFO PERFORMANCE:|1|1|-1|-1

2022-05-04 16:13:58,690 INFO PERFORMANCE:|1|1|-1|-1

2022-05-04 16:18:58,690 INFO PERFORMANCE:|1|1|-1|-1

2022-05-04 16:23:58,691 INFO PERFORMANCE:|1|1|-1|-1

2022-05-04 16:28:58,691 INFO PERFORMANCE:|1|1|-1|-1

2022-05-04 16:33:58,691 INFO PERFORMANCE:|1|1|-1|-1

2022-05-04 16:38:58,692 INFO PERFORMANCE:|1|1|-1|-1

2022-05-04 16:43:58,689 INFO PERFORMANCE:|1|1|-1|-1

2022-05-04 16:48:55,661 INFO PERFORMANCE:|3|6|-1|-1

2022-05-04 16:53:55,663 INFO PERFORMANCE:|3|6|-1|-1

2022-05-04 16:58:55,665 INFO PERFORMANCE:|3|6|-1|-1

2022-05-04 17:03:55,596 INFO PERFORMANCE:|1|2|-1|-1

2022-05-04 17:08:55,593 INFO PERFORMANCE:|1|2|-1|-1

2022-05-04 17:13:55,590 INFO PERFORMANCE:|1|2|-1|-1

2022-05-04 17:18:55,586 INFO PERFORMANCE:|1|2|-1|-1

2022-05-04 17:23:55,581 INFO PERFORMANCE:|1|2|-1|-1

2022-05-04 17:28:55,578 INFO PERFORMANCE:|1|2|-1|-1

2022-05-04 17:33:55,649 INFO PERFORMANCE:|1|2|-1|-1

2022-05-04 17:38:55,651 INFO PERFORMANCE:|1|2|-1|-1

2022-05-04 17:43:55,653 INFO PERFORMANCE:|3|6|-1|-1

2022-05-04 17:48:55,693 INFO PERFORMANCE:|3|6|-1|-1

2022-05-04 17:53:55,698 INFO PERFORMANCE:|3|6|-1|-1

2022-05-04 17:58:55,702 INFO PERFORMANCE:|3|6|-1|-1

2022-05-04 18:03:55,706 INFO PERFORMANCE:|3|6|-1|-1

