2022-05-04 01:14:35,472 INFO add listener: com.alibaba.nacos.naming.iplist.public##DEFAULT_GROUP@@book-service

2022-05-04 01:14:56,348 INFO add listener: com.alibaba.nacos.naming.iplist.public##DEFAULT_GROUP@@user-service

2022-05-04 11:59:51,264 INFO [RAFT-NOTIFIER] datum is deleted, key: com.alibaba.nacos.naming.domains.meta.public##DEFAULT_GROUP@@book-service

2022-05-04 11:59:51,272 INFO [RAFT-NOTIFIER] datum is deleted, key: com.alibaba.nacos.naming.domains.meta.public##DEFAULT_GROUP@@user-service

2022-05-04 16:44:09,409 INFO add listener: com.alibaba.nacos.naming.iplist.public##DEFAULT_GROUP@@book-service

2022-05-04 16:44:21,934 INFO add listener: com.alibaba.nacos.naming.iplist.public##DEFAULT_GROUP@@user-service

2022-05-04 16:48:22,983 INFO raft peers changed: [Member{ip='10.102.78.35', port=8848, state=UP, extendInfo={raftPort=7848}}]

2022-05-04 16:48:23,037 INFO initializing Raft sub-system

2022-05-04 16:48:23,353 INFO finish loading all datums, size: 2 cost 316 ms.

2022-05-04 16:48:23,357 INFO cache loaded, datum count: 2, current term: 0

2022-05-04 16:48:23,357 INFO finish to load data from disk, cost: 320 ms.

2022-05-04 16:48:23,366 INFO timer started: leader timeout ms: 15000, heart-beat timeout ms: 5000

2022-05-04 16:48:24,651 INFO add listener: com.alibaba.nacos.naming.domains.meta.00-00---000-NACOS_SWITCH_DOMAIN-000---00-00

2022-05-04 16:48:24,693 INFO add listener: com.alibaba.nacos.naming.domains.meta.

2022-05-04 16:48:24,693 INFO [RAFT-NOTIFIER] datum is changed, key: com.alibaba.nacos.naming.domains.meta.public##DEFAULT_GROUP@@borrow-service, value: Service{name='DEFAULT_GROUP@@borrow-service', protectThreshold=0.0, appName='null', groupName='DEFAULT_GROUP', metadata={}}

2022-05-04 16:48:24,697 INFO add listener: com.alibaba.nacos.naming.iplist.public##DEFAULT_GROUP@@borrow-service

2022-05-04 16:48:24,878 INFO leader timeout, start voting,leader: {"ip":"10.102.78.35:8848","term":0,"leaderDueMs":17318,"heartbeatDueMs":4500,"state":"FOLLOWER"}, term: 0

2022-05-04 16:48:27,954 WARN start to close old raft protocol!!!

2022-05-04 16:48:27,954 WARN stop old raft protocol task for notifier

2022-05-04 16:48:27,954 WARN stop old raft protocol task for master task

2022-05-04 16:48:27,954 WARN stop old raft protocol task for heartbeat task

2022-05-04 16:48:27,954 WARN clean old cache datum for old raft

2022-05-04 16:48:27,954 WARN start to close old raft protocol!!!

2022-05-04 16:48:27,954 WARN stop old raft protocol task for notifier

2022-05-04 16:48:27,954 WARN stop old raft protocol task for master task

2022-05-04 16:48:27,954 WARN stop old raft protocol task for heartbeat task

2022-05-04 16:48:27,954 WARN clean old cache datum for old raft

2022-05-04 16:48:27,954 WARN start to move old raft protocol metadata

2022-05-04 16:48:27,959 WARN start to move old raft protocol metadata

2022-05-04 16:48:27,959 INFO raft peers changed: [Member{ip='10.102.78.35', port=8848, state=UP, extendInfo={lastRefreshTime=1651654107958, raftPort=7848, version=1.4.3}}]

2022-05-04 16:48:30,154 INFO add listener: com.alibaba.nacos.naming.iplist.public##DEFAULT_GROUP@@book-service

2022-05-04 16:48:32,441 INFO add listener: com.alibaba.nacos.naming.iplist.public##DEFAULT_GROUP@@user-service

2022-05-04 17:02:44,680 INFO [RAFT-NOTIFIER] datum is deleted, key: com.alibaba.nacos.naming.domains.meta.public##DEFAULT_GROUP@@book-service

2022-05-04 17:02:44,689 INFO [RAFT-NOTIFIER] datum is deleted, key: com.alibaba.nacos.naming.domains.meta.public##DEFAULT_GROUP@@user-service

2022-05-04 17:42:48,009 INFO add listener: com.alibaba.nacos.naming.iplist.public##DEFAULT_GROUP@@book-service

2022-05-04 17:43:01,865 INFO add listener: com.alibaba.nacos.naming.iplist.public##DEFAULT_GROUP@@user-service

